2025-08-24 01:14:18,271 - data_storage - INFO - Storing billing data...
2025-08-24 01:14:18,294 - data_storage - INFO - Data stored successfully: C:\Users\msf12\OneDrive - Sky\Documents\BITS\Semester 2\DMML\DMML_55_Assignment01\data\raw\billing\dt=2025-08-24\billing.csv (2 records)
2025-08-24 01:14:18,296 - data_storage - INFO - Storing subscriptions data...
2025-08-24 01:14:18,305 - data_storage - INFO - Data stored successfully: C:\Users\msf12\OneDrive - Sky\Documents\BITS\Semester 2\DMML\DMML_55_Assignment01\data\raw\subscriptions\dt=2025-08-24\subscriptions.csv (2 records)
2025-08-24 01:14:18,308 - data_storage - INFO - All tables stored successfully: ['billing', 'subscriptions']
2025-08-24 01:14:18,336 - data_storage - INFO - Storing billing data...
2025-08-24 01:14:18,340 - data_storage - INFO - Data stored successfully: C:\Users\msf12\OneDrive - Sky\Documents\BITS\Semester 2\DMML\DMML_55_Assignment01\data\raw\billing\dt=2025-08-24\billing.csv (2 records)
2025-08-24 01:14:18,342 - data_storage - INFO - Storing subscriptions data...
2025-08-24 01:14:18,350 - data_storage - INFO - Data stored successfully: C:\Users\msf12\OneDrive - Sky\Documents\BITS\Semester 2\DMML\DMML_55_Assignment01\data\raw\subscriptions\dt=2025-08-24\subscriptions.csv (2 records)
2025-08-24 01:14:18,353 - data_storage - INFO - All tables stored successfully: ['billing', 'subscriptions']
2025-08-24 01:29:10,535 - data_storage - INFO - Storing billing data...
2025-08-24 01:29:10,554 - data_storage - INFO - Data stored successfully: C:\Users\msf12\OneDrive - Sky\Documents\BITS\Semester 2\DMML\DMML_55_Assignment01\data\raw\billing\dt=2025-08-24\billing.csv (2 records)
2025-08-24 01:29:10,556 - data_storage - INFO - Storing subscriptions data...
2025-08-24 01:29:10,563 - data_storage - INFO - Data stored successfully: C:\Users\msf12\OneDrive - Sky\Documents\BITS\Semester 2\DMML\DMML_55_Assignment01\data\raw\subscriptions\dt=2025-08-24\subscriptions.csv (2 records)
2025-08-24 01:29:10,569 - data_storage - INFO - All tables stored successfully: ['billing', 'subscriptions']
2025-08-24 01:29:10,600 - data_storage - INFO - Storing billing data...
2025-08-24 01:29:10,606 - data_storage - INFO - Data stored successfully: C:\Users\msf12\OneDrive - Sky\Documents\BITS\Semester 2\DMML\DMML_55_Assignment01\data\raw\billing\dt=2025-08-24\billing.csv (2 records)
2025-08-24 01:29:10,607 - data_storage - INFO - Storing subscriptions data...
2025-08-24 01:29:10,611 - data_storage - INFO - Data stored successfully: C:\Users\msf12\OneDrive - Sky\Documents\BITS\Semester 2\DMML\DMML_55_Assignment01\data\raw\subscriptions\dt=2025-08-24\subscriptions.csv (2 records)
2025-08-24 01:29:10,612 - data_storage - INFO - All tables stored successfully: ['billing', 'subscriptions']
2025-08-24 01:31:53,347 - data_storage - INFO - Storing billing data...
2025-08-24 01:31:53,366 - data_storage - INFO - Data stored successfully: C:\Users\msf12\OneDrive - Sky\Documents\BITS\Semester 2\DMML\DMML_55_Assignment01\data\raw\billing\dt=2025-08-24\billing.csv (2 records)
2025-08-24 01:31:53,367 - data_storage - INFO - Storing subscriptions data...
2025-08-24 01:31:53,377 - data_storage - INFO - Data stored successfully: C:\Users\msf12\OneDrive - Sky\Documents\BITS\Semester 2\DMML\DMML_55_Assignment01\data\raw\subscriptions\dt=2025-08-24\subscriptions.csv (2 records)
2025-08-24 01:31:53,378 - data_storage - INFO - All tables stored successfully: ['billing', 'subscriptions']
2025-08-24 01:31:53,403 - data_storage - INFO - Storing billing data...
2025-08-24 01:31:53,410 - data_storage - INFO - Data stored successfully: C:\Users\msf12\OneDrive - Sky\Documents\BITS\Semester 2\DMML\DMML_55_Assignment01\data\raw\billing\dt=2025-08-24\billing.csv (2 records)
2025-08-24 01:31:53,412 - data_storage - INFO - Storing subscriptions data...
2025-08-24 01:31:53,423 - data_storage - INFO - Data stored successfully: C:\Users\msf12\OneDrive - Sky\Documents\BITS\Semester 2\DMML\DMML_55_Assignment01\data\raw\subscriptions\dt=2025-08-24\subscriptions.csv (2 records)
2025-08-24 01:31:53,425 - data_storage - INFO - All tables stored successfully: ['billing', 'subscriptions']
2025-08-24 05:57:51,406 - data_storage - INFO - Storing billing data...
2025-08-24 05:57:51,419 - data_storage - INFO - Data stored successfully: C:\Users\msf12\OneDrive - Sky\Documents\BITS\Semester 2\DMML\DMML_55_Assignment01\data\raw\billing\dt=2025-08-24\billing.csv (2 records)
2025-08-24 05:57:51,421 - data_storage - INFO - Storing subscriptions data...
2025-08-24 05:57:51,427 - data_storage - INFO - Data stored successfully: C:\Users\msf12\OneDrive - Sky\Documents\BITS\Semester 2\DMML\DMML_55_Assignment01\data\raw\subscriptions\dt=2025-08-24\subscriptions.csv (2 records)
2025-08-24 05:57:51,429 - data_storage - INFO - All tables stored successfully: ['billing', 'subscriptions']
2025-08-24 05:57:51,454 - data_storage - INFO - Storing billing data...
2025-08-24 05:57:51,458 - data_storage - INFO - Data stored successfully: C:\Users\msf12\OneDrive - Sky\Documents\BITS\Semester 2\DMML\DMML_55_Assignment01\data\raw\billing\dt=2025-08-24\billing.csv (2 records)
2025-08-24 05:57:51,459 - data_storage - INFO - Storing subscriptions data...
2025-08-24 05:57:51,463 - data_storage - INFO - Data stored successfully: C:\Users\msf12\OneDrive - Sky\Documents\BITS\Semester 2\DMML\DMML_55_Assignment01\data\raw\subscriptions\dt=2025-08-24\subscriptions.csv (2 records)
2025-08-24 05:57:51,465 - data_storage - INFO - All tables stored successfully: ['billing', 'subscriptions']
2025-08-24 06:01:53,294 - data_storage - INFO - Storing billing data...
2025-08-24 06:01:53,304 - data_storage - INFO - Data stored successfully: C:\Users\msf12\OneDrive - Sky\Documents\BITS\Semester 2\DMML\DMML_55_Assignment01\data\raw\billing\dt=2025-08-24\billing.csv (2 records)
2025-08-24 06:01:53,312 - data_storage - INFO - Storing subscriptions data...
2025-08-24 06:01:53,319 - data_storage - INFO - Data stored successfully: C:\Users\msf12\OneDrive - Sky\Documents\BITS\Semester 2\DMML\DMML_55_Assignment01\data\raw\subscriptions\dt=2025-08-24\subscriptions.csv (2 records)
2025-08-24 06:01:53,324 - data_storage - INFO - All tables stored successfully: ['billing', 'subscriptions']
2025-08-24 06:15:24,645 - data_storage - INFO - Storing billing data...
2025-08-24 06:15:24,658 - data_storage - INFO - Data stored successfully: C:\Users\msf12\OneDrive - Sky\Documents\BITS\Semester 2\DMML\DMML_55_Assignment01\data\raw\billing\dt=2025-08-24\billing.csv (2 records)
2025-08-24 06:15:24,661 - data_storage - INFO - Storing subscriptions data...
2025-08-24 06:15:24,668 - data_storage - INFO - Data stored successfully: C:\Users\msf12\OneDrive - Sky\Documents\BITS\Semester 2\DMML\DMML_55_Assignment01\data\raw\subscriptions\dt=2025-08-24\subscriptions.csv (2 records)
2025-08-24 06:15:24,670 - data_storage - INFO - All tables stored successfully: ['billing', 'subscriptions']
2025-08-24 06:19:33,375 - data_storage - INFO - Storing billing data...
2025-08-24 06:19:33,382 - data_storage - INFO - Data stored successfully: C:\Users\msf12\OneDrive - Sky\Documents\BITS\Semester 2\DMML\DMML_55_Assignment01\data\raw\billing\dt=2025-08-24\billing.csv (2 records)
2025-08-24 06:19:33,384 - data_storage - INFO - Storing subscriptions data...
2025-08-24 06:19:33,392 - data_storage - INFO - Data stored successfully: C:\Users\msf12\OneDrive - Sky\Documents\BITS\Semester 2\DMML\DMML_55_Assignment01\data\raw\subscriptions\dt=2025-08-24\subscriptions.csv (2 records)
2025-08-24 06:19:33,399 - data_storage - INFO - All tables stored successfully: ['billing', 'subscriptions']
2025-08-24 06:26:48,722 - data_storage - INFO - Storing billing data...
2025-08-24 06:26:48,733 - data_storage - INFO - Data stored successfully: C:\Users\msf12\OneDrive - Sky\Documents\BITS\Semester 2\DMML\DMML_55_Assignment01\data\raw\billing\dt=2025-08-24\billing.csv (2 records)
2025-08-24 06:26:48,745 - data_storage - INFO - Storing subscriptions data...
2025-08-24 06:26:48,753 - data_storage - INFO - Data stored successfully: C:\Users\msf12\OneDrive - Sky\Documents\BITS\Semester 2\DMML\DMML_55_Assignment01\data\raw\subscriptions\dt=2025-08-24\subscriptions.csv (2 records)
2025-08-24 06:26:48,757 - data_storage - INFO - All tables stored successfully: ['billing', 'subscriptions']
2025-08-24 06:33:54,970 - data_storage - INFO - Storing billing data...
2025-08-24 06:33:54,978 - data_storage - INFO - Data stored successfully: C:\Users\msf12\OneDrive - Sky\Documents\BITS\Semester 2\DMML\DMML_55_Assignment01\data\raw\billing\dt=2025-08-24\billing.csv (2 records)
2025-08-24 06:33:54,980 - data_storage - INFO - Storing subscriptions data...
2025-08-24 06:33:54,986 - data_storage - INFO - Data stored successfully: C:\Users\msf12\OneDrive - Sky\Documents\BITS\Semester 2\DMML\DMML_55_Assignment01\data\raw\subscriptions\dt=2025-08-24\subscriptions.csv (2 records)
2025-08-24 06:33:54,988 - data_storage - INFO - All tables stored successfully: ['billing', 'subscriptions']
2025-08-24 06:40:05,491 - data_storage - INFO - Storing billing data...
2025-08-24 06:40:05,508 - data_storage - INFO - Data stored successfully: C:\Users\msf12\OneDrive - Sky\Documents\BITS\Semester 2\DMML\DMML_55_Assignment01\data\raw\billing\dt=2025-08-24\billing.csv (2 records)
2025-08-24 06:40:05,511 - data_storage - INFO - Storing subscriptions data...
2025-08-24 06:40:05,524 - data_storage - INFO - Data stored successfully: C:\Users\msf12\OneDrive - Sky\Documents\BITS\Semester 2\DMML\DMML_55_Assignment01\data\raw\subscriptions\dt=2025-08-24\subscriptions.csv (2 records)
2025-08-24 06:40:05,527 - data_storage - INFO - All tables stored successfully: ['billing', 'subscriptions']
2025-08-24 06:40:05,562 - data_storage - INFO - Storing billing data...
2025-08-24 06:40:05,571 - data_storage - INFO - Data stored successfully: C:\Users\msf12\OneDrive - Sky\Documents\BITS\Semester 2\DMML\DMML_55_Assignment01\data\raw\billing\dt=2025-08-24\billing.csv (2 records)
2025-08-24 06:40:05,573 - data_storage - INFO - Storing subscriptions data...
2025-08-24 06:40:05,579 - data_storage - INFO - Data stored successfully: C:\Users\msf12\OneDrive - Sky\Documents\BITS\Semester 2\DMML\DMML_55_Assignment01\data\raw\subscriptions\dt=2025-08-24\subscriptions.csv (2 records)
2025-08-24 06:40:05,582 - data_storage - INFO - All tables stored successfully: ['billing', 'subscriptions']
2025-08-24 06:43:13,125 - data_storage - INFO - Storing billing data...
2025-08-24 06:43:13,135 - data_storage - INFO - Data stored successfully: C:\Users\msf12\OneDrive - Sky\Documents\BITS\Semester 2\DMML\DMML_55_Assignment01\data\raw\billing\dt=2025-08-24\billing.csv (2 records)
2025-08-24 06:43:13,137 - data_storage - INFO - Storing subscriptions data...
2025-08-24 06:43:13,143 - data_storage - INFO - Data stored successfully: C:\Users\msf12\OneDrive - Sky\Documents\BITS\Semester 2\DMML\DMML_55_Assignment01\data\raw\subscriptions\dt=2025-08-24\subscriptions.csv (2 records)
2025-08-24 06:43:13,145 - data_storage - INFO - All tables stored successfully: ['billing', 'subscriptions']
2025-08-24 07:30:22,415 - data_storage - INFO - Storing billing data...
2025-08-24 07:30:22,474 - data_storage - INFO - Data stored successfully: C:\Users\msf12\OneDrive - Sky\Documents\BITS\Semester 2\DMML\DMML_55_Assignment01\data\raw\billing\dt=2025-08-24\billing.csv (2 records)
2025-08-24 07:30:22,681 - data_storage - INFO - Storing subscriptions data...
2025-08-24 07:30:22,851 - data_storage - INFO - Data stored successfully: C:\Users\msf12\OneDrive - Sky\Documents\BITS\Semester 2\DMML\DMML_55_Assignment01\data\raw\subscriptions\dt=2025-08-24\subscriptions.csv (2 records)
2025-08-24 07:30:22,994 - data_storage - INFO - All tables stored successfully: ['billing', 'subscriptions']
2025-08-24 09:45:52,530 - data_storage - INFO - Storing billing data...
2025-08-24 09:45:52,537 - data_storage - INFO - Data stored successfully: C:\Users\msf12\OneDrive - Sky\Documents\BITS\Semester 2\DMML\DMML_55_Assignment01\data\raw\billing\dt=2025-08-24\billing.csv (2 records)
2025-08-24 09:45:52,540 - data_storage - INFO - Storing subscriptions data...
2025-08-24 09:45:52,550 - data_storage - INFO - Data stored successfully: C:\Users\msf12\OneDrive - Sky\Documents\BITS\Semester 2\DMML\DMML_55_Assignment01\data\raw\subscriptions\dt=2025-08-24\subscriptions.csv (2 records)
2025-08-24 09:45:52,552 - data_storage - INFO - Storing crm data...
2025-08-24 09:45:52,560 - data_storage - INFO - Data stored successfully: C:\Users\msf12\OneDrive - Sky\Documents\BITS\Semester 2\DMML\DMML_55_Assignment01\data\raw\crm\dt=2025-08-24\crm.csv (15 records)
2025-08-24 09:45:52,562 - data_storage - INFO - All tables stored successfully: ['billing', 'subscriptions', 'crm']
2025-08-24 09:53:56,530 - data_storage - INFO - Storing billing data...
2025-08-24 09:53:56,553 - data_storage - INFO - Data stored successfully: C:\Users\msf12\OneDrive - Sky\Documents\BITS\Semester 2\DMML\DMML_55_Assignment01\data\raw\billing\dt=2025-08-24\billing.csv (2 records)
2025-08-24 09:53:56,563 - data_storage - INFO - Storing subscriptions data...
2025-08-24 09:53:56,575 - data_storage - INFO - Data stored successfully: C:\Users\msf12\OneDrive - Sky\Documents\BITS\Semester 2\DMML\DMML_55_Assignment01\data\raw\subscriptions\dt=2025-08-24\subscriptions.csv (2 records)
2025-08-24 09:53:56,585 - data_storage - INFO - Storing crm data...
2025-08-24 09:53:56,608 - data_storage - INFO - Data stored successfully: C:\Users\msf12\OneDrive - Sky\Documents\BITS\Semester 2\DMML\DMML_55_Assignment01\data\raw\crm\dt=2025-08-24\crm.csv (15 records)
2025-08-24 09:53:56,723 - data_storage - INFO - All tables stored successfully: ['billing', 'subscriptions', 'crm']
