2025-08-24 09:54:02,495 - data_preparation - INFO - Starting data preparation - cleaning and joining only...
2025-08-24 09:54:02,651 - data_preparation - INFO - Loading data from latest partition: 2025-08-24
2025-08-24 09:54:02,795 - data_preparation - INFO - Loaded billing: (2, 9)
2025-08-24 09:54:02,908 - data_preparation - INFO - Loaded crm: (15, 7)
2025-08-24 09:54:03,070 - data_preparation - INFO - Loaded subscriptions: (2, 6)
2025-08-24 09:54:03,229 - data_preparation - INFO - Loaded 3 tables from partition: 2025-08-24
2025-08-24 09:54:03,482 - data_preparation - INFO - Cleaning billing data...
2025-08-24 09:54:05,305 - data_preparation - INFO - Cleaning subscriptions data...
2025-08-24 09:54:05,673 - data_preparation - INFO - Cleaning CRM data...
2025-08-24 09:54:05,762 - data_preparation - INFO - Creating churn labels from CRM data...
2025-08-24 09:54:05,782 - data_preparation - INFO - Identified 7 customers with churn events
2025-08-24 09:54:05,788 - data_preparation - INFO - Joining customer data from all sources...
2025-08-24 09:54:05,789 - data_preparation - INFO - Starting with billing data: 2 records
2025-08-24 09:54:06,062 - data_preparation - INFO - After joining subscriptions: 2 records
2025-08-24 09:54:06,511 - data_preparation - INFO - After joining CRM data: 2 records
2025-08-24 09:54:06,561 - data_preparation - INFO - Final master dataset: 2 records with 18 columns
2025-08-24 09:54:06,599 - data_preparation - INFO - Performing basic EDA...
2025-08-24 09:54:06,821 - data_preparation - INFO - Basic EDA completed. Churn rate: 100.00%
2025-08-24 09:54:06,904 - data_preparation - INFO - Cleaned dataset saved: C:\Users\msf12\OneDrive - Sky\Documents\BITS\Semester 2\DMML\DMML_55_Assignment01\data\clean\churn_dataset\dt=2025-08-24\cleaned_churn_dataset.csv
2025-08-24 09:54:07,149 - data_preparation - INFO - Dataset shape: (2, 18)
2025-08-24 09:54:07,429 - data_preparation - INFO - Data preparation (cleaning & joining) completed successfully!
